program hanged (timeout 10 seconds)

SIGABRT: abort
PC=0x452836 m=0 sigcode=0

goroutine 0 [idle]:
runtime.mincore(0xca864cd000, 0x1, 0x597dd1)
	/tmp/go-fuzz-build646632917/goroot/src/runtime/sys_linux_amd64.s:138 +0x16
runtime.addrspace_free(0xc420100000, 0xa20000000, 0x2200000003)
	/tmp/go-fuzz-build646632917/goroot/src/runtime/mem_linux.go:29 +0x6b
runtime.mmap_fixed(0xc420100000, 0xa20000000, 0x2200000003, 0xffffffff, 0x420e18)
	/tmp/go-fuzz-build646632917/goroot/src/runtime/mem_linux.go:48 +0x8f
runtime.sysMap(0xc420100000, 0xa20000000, 0x7f5273bd9100, 0x598df8)
	/tmp/go-fuzz-build646632917/goroot/src/runtime/mem_linux.go:214 +0xca
runtime.(*mheap).sysAlloc(0x5807e0, 0xa20000000, 0x7f5273bd9300)
	/tmp/go-fuzz-build646632917/goroot/src/runtime/malloc.go:470 +0xd7
runtime.(*mheap).grow(0x5807e0, 0x510000, 0x0)
	/tmp/go-fuzz-build646632917/goroot/src/runtime/mheap.go:887 +0x60
runtime.(*mheap).allocSpanLocked(0x5807e0, 0x510000, 0x598e08, 0x7f5273bb4448)
	/tmp/go-fuzz-build646632917/goroot/src/runtime/mheap.go:800 +0x334
runtime.(*mheap).alloc_m(0x5807e0, 0x510000, 0x7ffc88300101, 0x412f7c)
	/tmp/go-fuzz-build646632917/goroot/src/runtime/mheap.go:666 +0x118
runtime.(*mheap).alloc.func1()
	/tmp/go-fuzz-build646632917/goroot/src/runtime/mheap.go:733 +0x4d
runtime.systemstack(0x7ffc8830c528)
	/tmp/go-fuzz-build646632917/goroot/src/runtime/asm_amd64.s:360 +0xab
runtime.(*mheap).alloc(0x5807e0, 0x510000, 0x7ffc88010101, 0x4125e4)
	/tmp/go-fuzz-build646632917/goroot/src/runtime/mheap.go:732 +0xa1
runtime.largeAlloc(0xa20000000, 0x7f5273bd0101, 0x57a049)
	/tmp/go-fuzz-build646632917/goroot/src/runtime/malloc.go:827 +0x98
runtime.mallocgc.func1()
	/tmp/go-fuzz-build646632917/goroot/src/runtime/malloc.go:722 +0x46
runtime.systemstack(0x57a000)
	/tmp/go-fuzz-build646632917/goroot/src/runtime/asm_amd64.s:344 +0x79
runtime.mstart()
	/tmp/go-fuzz-build646632917/goroot/src/runtime/proc.go:1135

goroutine 1 [running]:
runtime.systemstack_switch()
	/tmp/go-fuzz-build646632917/goroot/src/runtime/asm_amd64.s:298 fp=0xc420037a18 sp=0xc420037a10 pc=0x44f1b0
runtime.mallocgc(0xa20000000, 0x4cfb00, 0x1, 0xc4200140c8)
	/tmp/go-fuzz-build646632917/goroot/src/runtime/malloc.go:721 +0x7ae fp=0xc420037ac0 sp=0xc420037a18 pc=0x40edbe
runtime.makeslice(0x4cfb00, 0xa2000000, 0xa2000000, 0x597fd8, 0x4ca880, 0xc4200140c8)
	/tmp/go-fuzz-build646632917/goroot/src/runtime/slice.go:54 +0x77 fp=0xc420037af0 sp=0xc420037ac0 pc=0x43b5b7
github.com/go-spatial/tegola/geom/encoding/wkb/internal/decode.LinerRing(0x568160, 0xc420056150, 0x569440, 0x597fd8, 0x0, 0x0, 0x0, 0x0, 0x0)
	/tmp/go-fuzz-build646632917/gopath/src/github.com/go-spatial/tegola/geom/encoding/wkb/internal/decode/decode.go:99 +0x129 fp=0xc420037b68 sp=0xc420037af0 pc=0x4b6649
github.com/go-spatial/tegola/geom/encoding/wkb/internal/decode.Polygon(0x568160, 0xc420056150, 0x569440, 0x597fd8, 0x3, 0x0, 0x0, 0x0, 0x4b55ed)
	/tmp/go-fuzz-build646632917/gopath/src/github.com/go-spatial/tegola/geom/encoding/wkb/internal/decode/decode.go:122 +0x1e1 fp=0xc420037c08 sp=0xc420037b68 pc=0x4b6b21
github.com/go-spatial/tegola/geom/encoding/wkb/internal/decode.MultiPolygon(0x568160, 0xc420056150, 0x569440, 0x597fd8, 0xc400000006, 0x0, 0x0, 0x300000002, 0xc420000180)
	/tmp/go-fuzz-build646632917/gopath/src/github.com/go-spatial/tegola/geom/encoding/wkb/internal/decode/decode.go:143 +0x268 fp=0xc420037cc0 sp=0xc420037c08 pc=0x4b6f28
github.com/go-spatial/tegola/geom/encoding/wkb.Decode(0x568160, 0xc420056150, 0xc420037e90, 0x4528d6, 0xc420037ee8, 0x4528d6)
	/tmp/go-fuzz-build646632917/gopath/src/github.com/go-spatial/tegola/geom/encoding/wkb/wkb.go:78 +0x717 fp=0xc420037e50 sp=0xc420037cc0 pc=0x4ba427
github.com/go-spatial/tegola/geom/encoding/wkb.DecodeBytes(0x7f52739b4000, 0x1755, 0x200000, 0x2d443a2700000000, 0x5abd7af3, 0xc420037ee8, 0x461656)
	/tmp/go-fuzz-build646632917/gopath/src/github.com/go-spatial/tegola/geom/encoding/wkb/wkb.go:51 +0xaf fp=0xc420037e98 sp=0xc420037e50 pc=0x4b9caf
github.com/go-spatial/tegola/geom/encoding/wkb.Fuzz(0x7f52739b4000, 0x1755, 0x200000, 0xc420037f70)
	/tmp/go-fuzz-build646632917/gopath/src/github.com/go-spatial/tegola/geom/encoding/wkb/fuzz.go:7 +0x5b fp=0xc420037ef8 sp=0xc420037e98 pc=0x4b983b
go-fuzz-dep.Main(0x4f68a0)
	/tmp/go-fuzz-build646632917/goroot/src/go-fuzz-dep/main.go:49 +0xad fp=0xc420037f68 sp=0xc420037ef8 pc=0x4651cd
main.main()
	/tmp/go-fuzz-build646632917/gopath/src/github.com/go-spatial/tegola/geom/encoding/wkb/go.fuzz.main/main.go:10 +0x2d fp=0xc420037f80 sp=0xc420037f68 pc=0x4bafad
runtime.main()
	/tmp/go-fuzz-build646632917/goroot/src/runtime/proc.go:195 +0x226 fp=0xc420037fe0 sp=0xc420037f80 pc=0x428f96
runtime.goexit()
	/tmp/go-fuzz-build646632917/goroot/src/runtime/asm_amd64.s:2337 +0x1 fp=0xc420037fe8 sp=0xc420037fe0 pc=0x451801

rax    0xfffffffffffffff4
rbx    0x22
rcx    0x452836
rdx    0x597dd1
rdi    0xca864cd000
rsi    0x1
rbp    0x7ffc8830c318
rsp    0x7ffc8830c2e8
r8     0xffffffff
r9     0x0
r10    0x22
r11    0x287
r12    0x49249249249249
r13    0xf9
r14    0x11
r15    0x19
rip    0x452836
rflags 0x287
cs     0x33
fs     0x0
gs     0x0
exit status 2