fatal error: runtime: out of memory

runtime stack:
runtime.throw(0x4f218e, 0x16)
	/tmp/go-fuzz-build646632917/goroot/src/runtime/panic.go:605 +0x95
runtime.sysMap(0xc420100000, 0x484850000, 0x7fd452484100, 0x598df8)
	/tmp/go-fuzz-build646632917/goroot/src/runtime/mem_linux.go:216 +0x1d0
runtime.(*mheap).sysAlloc(0x5807e0, 0x484850000, 0x579da0)
	/tmp/go-fuzz-build646632917/goroot/src/runtime/malloc.go:470 +0xd7
runtime.(*mheap).grow(0x5807e0, 0x242425, 0x0)
	/tmp/go-fuzz-build646632917/goroot/src/runtime/mheap.go:887 +0x60
runtime.(*mheap).allocSpanLocked(0x5807e0, 0x242425, 0x598e08, 0xc400000002)
	/tmp/go-fuzz-build646632917/goroot/src/runtime/mheap.go:800 +0x334
runtime.(*mheap).alloc_m(0x5807e0, 0x242425, 0x7ffc8f270100, 0x0)
	/tmp/go-fuzz-build646632917/goroot/src/runtime/mheap.go:666 +0x118
runtime.(*mheap).alloc.func1()
	/tmp/go-fuzz-build646632917/goroot/src/runtime/mheap.go:733 +0x4d
runtime.systemstack(0x7ffc8f273688)
	/tmp/go-fuzz-build646632917/goroot/src/runtime/asm_amd64.s:360 +0xab
runtime.(*mheap).alloc(0x5807e0, 0x242425, 0x10100, 0x579f10)
	/tmp/go-fuzz-build646632917/goroot/src/runtime/mheap.go:732 +0xa1
runtime.largeAlloc(0x484848480, 0x1, 0x57a020)
	/tmp/go-fuzz-build646632917/goroot/src/runtime/malloc.go:827 +0x98
runtime.mallocgc.func1()
	/tmp/go-fuzz-build646632917/goroot/src/runtime/malloc.go:722 +0x46
runtime.systemstack(0x57a000)
	/tmp/go-fuzz-build646632917/goroot/src/runtime/asm_amd64.s:344 +0x79
runtime.mstart()
	/tmp/go-fuzz-build646632917/goroot/src/runtime/proc.go:1135

goroutine 1 [running]:
runtime.systemstack_switch()
	/tmp/go-fuzz-build646632917/goroot/src/runtime/asm_amd64.s:298 fp=0xc420037b48 sp=0xc420037b40 pc=0x44f1b0
runtime.mallocgc(0x484848480, 0x4cb0a0, 0xc420014001, 0xc420014078)
	/tmp/go-fuzz-build646632917/goroot/src/runtime/malloc.go:721 +0x7ae fp=0xc420037bf0 sp=0xc420037b48 pc=0x40edbe
runtime.makeslice(0x4cb0a0, 0x30303030, 0x30303030, 0x597fd8, 0x4ca880, 0xc420014078)
	/tmp/go-fuzz-build646632917/goroot/src/runtime/slice.go:54 +0x77 fp=0xc420037c20 sp=0xc420037bf0 pc=0x43b5b7
github.com/go-spatial/tegola/geom/encoding/wkb/internal/decode.Polygon(0x568160, 0xc420056150, 0x569440, 0x597fd8, 0xc400000003, 0x0, 0x0, 0x300000002, 0xc420000180)
	/tmp/go-fuzz-build646632917/gopath/src/github.com/go-spatial/tegola/geom/encoding/wkb/internal/decode/decode.go:120 +0x121 fp=0xc420037cc0 sp=0xc420037c20 pc=0x4b6a61
github.com/go-spatial/tegola/geom/encoding/wkb.Decode(0x568160, 0xc420056150, 0xc420037e90, 0x4528d6, 0xc420037ee8, 0x4528d6)
	/tmp/go-fuzz-build646632917/gopath/src/github.com/go-spatial/tegola/geom/encoding/wkb/wkb.go:75 +0x193 fp=0xc420037e50 sp=0xc420037cc0 pc=0x4b9ea3
github.com/go-spatial/tegola/geom/encoding/wkb.DecodeBytes(0x7fd45225f000, 0x9, 0x200000, 0x151481500000000, 0x5abd8a44, 0xc420037ee8, 0x461656)
	/tmp/go-fuzz-build646632917/gopath/src/github.com/go-spatial/tegola/geom/encoding/wkb/wkb.go:51 +0xaf fp=0xc420037e98 sp=0xc420037e50 pc=0x4b9caf
github.com/go-spatial/tegola/geom/encoding/wkb.Fuzz(0x7fd45225f000, 0x9, 0x200000, 0xc420037f70)
	/tmp/go-fuzz-build646632917/gopath/src/github.com/go-spatial/tegola/geom/encoding/wkb/fuzz.go:7 +0x5b fp=0xc420037ef8 sp=0xc420037e98 pc=0x4b983b
go-fuzz-dep.Main(0x4f68a0)
	/tmp/go-fuzz-build646632917/goroot/src/go-fuzz-dep/main.go:49 +0xad fp=0xc420037f68 sp=0xc420037ef8 pc=0x4651cd
main.main()
	/tmp/go-fuzz-build646632917/gopath/src/github.com/go-spatial/tegola/geom/encoding/wkb/go.fuzz.main/main.go:10 +0x2d fp=0xc420037f80 sp=0xc420037f68 pc=0x4bafad
runtime.main()
	/tmp/go-fuzz-build646632917/goroot/src/runtime/proc.go:195 +0x226 fp=0xc420037fe0 sp=0xc420037f80 pc=0x428f96
runtime.goexit()
	/tmp/go-fuzz-build646632917/goroot/src/runtime/asm_amd64.s:2337 +0x1 fp=0xc420037fe8 sp=0xc420037fe0 pc=0x451801
exit status 2